Arguments: 
  /home/yazaldefilimone/.nvm/versions/node/v16.15.0/bin/node /home/yazaldefilimone/.nvm/versions/node/v16.15.0/bin/yarn add prisma pg express redis jsonwebtoken bcryptjs halmet cors uuid

PATH: 
  /home/yazaldefilimone/.nvm/versions/node/v16.15.0/bin:/home/yazaldefilimone/.local/share/zinit/polaris/bin:/usr/local/sbin:/usr/local/bin:/usr/sbin:/usr/bin:/sbin:/bin:/usr/games:/usr/local/games:/snap/bin

Yarn version: 
  1.22.18

Node version: 
  16.15.0

Platform: 
  linux x64

Trace: 
  Error: https://registry.yarnpkg.com/halmet: Not found
      at Request.params.callback [as _callback] (/home/yazaldefilimone/.nvm/versions/node/v16.15.0/lib/node_modules/yarn/lib/cli.js:66138:18)
      at Request.self.callback (/home/yazaldefilimone/.nvm/versions/node/v16.15.0/lib/node_modules/yarn/lib/cli.js:140883:22)
      at Request.emit (node:events:527:28)
      at Request.<anonymous> (/home/yazaldefilimone/.nvm/versions/node/v16.15.0/lib/node_modules/yarn/lib/cli.js:141855:10)
      at Request.emit (node:events:527:28)
      at IncomingMessage.<anonymous> (/home/yazaldefilimone/.nvm/versions/node/v16.15.0/lib/node_modules/yarn/lib/cli.js:141777:12)
      at Object.onceWrapper (node:events:641:28)
      at IncomingMessage.emit (node:events:539:35)
      at endReadableNT (node:internal/streams/readable:1345:12)
      at processTicksAndRejections (node:internal/process/task_queues:83:21)

npm manifest: 
  {
    "name": "thullo-api",
    "version": "1.0.0",
    "description": "a complex api of Trello-based notebook.",
    "main": "index.ts",
    "repository": "https://github.com/yazaldefilimonepinto/thullo-api",
    "author": "Yazalde Filimone <yazaldefilimon@gmail.com>",
    "scripts": {
      "dev": "ts-node"
    },
    "license": "MIT"
  }

yarn manifest: 
  No manifest

Lockfile: 
  No lockfile
